2023-01-18 14:08:01,612 INFO o.a.j.u.JMeterUtils: Setting Locale to en_EN
2023-01-18 14:08:01,635 INFO o.a.j.JMeter: Loading user properties from: user.properties
2023-01-18 14:08:01,635 INFO o.a.j.JMeter: Loading system properties from: system.properties
2023-01-18 14:08:01,648 INFO o.a.j.JMeter: Copyright (c) 1998-2022 The Apache Software Foundation
2023-01-18 14:08:01,648 INFO o.a.j.JMeter: Version 5.5
2023-01-18 14:08:01,648 INFO o.a.j.JMeter: java.version=11.0.17
2023-01-18 14:08:01,648 INFO o.a.j.JMeter: java.vm.name=OpenJDK 64-Bit Server VM
2023-01-18 14:08:01,648 INFO o.a.j.JMeter: os.name=Windows 10
2023-01-18 14:08:01,648 INFO o.a.j.JMeter: os.arch=amd64
2023-01-18 14:08:01,648 INFO o.a.j.JMeter: os.version=10.0
2023-01-18 14:08:01,648 INFO o.a.j.JMeter: file.encoding=Cp1252
2023-01-18 14:08:01,649 INFO o.a.j.JMeter: java.awt.headless=null
2023-01-18 14:08:01,649 INFO o.a.j.JMeter: Max memory     =1073741824
2023-01-18 14:08:01,649 INFO o.a.j.JMeter: Available Processors =8
2023-01-18 14:08:01,656 INFO o.a.j.JMeter: Default Locale=English (EN)
2023-01-18 14:08:01,656 INFO o.a.j.JMeter: JMeter  Locale=English (EN)
2023-01-18 14:08:01,656 INFO o.a.j.JMeter: JMeterHome=D:\microservices\apache-jmeter-5.5
2023-01-18 14:08:01,656 INFO o.a.j.JMeter: user.dir  =D:\microservices\apache-jmeter-5.5\bin
2023-01-18 14:08:01,656 INFO o.a.j.JMeter: PWD       =D:\microservices\apache-jmeter-5.5\bin
2023-01-18 14:08:01,657 INFO o.a.j.JMeter: IP: 192.168.29.126 Name: ICUK272709NB FullName: host.docker.internal
2023-01-18 14:08:01,672 INFO o.a.j.JMeter: Loaded icon properties from org/apache/jmeter/images/icon.properties
2023-01-18 14:08:01,947 INFO o.a.j.JMeterGuiLauncher: Setting LAF to: com.github.weisj.darklaf.DarkLaf:com.github.weisj.darklaf.theme.DarculaTheme
2023-01-18 14:10:33,110 INFO o.a.j.p.h.s.HTTPSamplerBase: Parser for text/html is org.apache.jmeter.protocol.http.parser.LagartoBasedHtmlParser
2023-01-18 14:10:33,111 INFO o.a.j.p.h.s.HTTPSamplerBase: Parser for application/xhtml+xml is org.apache.jmeter.protocol.http.parser.LagartoBasedHtmlParser
2023-01-18 14:10:33,111 INFO o.a.j.p.h.s.HTTPSamplerBase: Parser for application/xml is org.apache.jmeter.protocol.http.parser.LagartoBasedHtmlParser
2023-01-18 14:10:33,111 INFO o.a.j.p.h.s.HTTPSamplerBase: Parser for text/xml is org.apache.jmeter.protocol.http.parser.LagartoBasedHtmlParser
2023-01-18 14:10:33,111 INFO o.a.j.p.h.s.HTTPSamplerBase: Parser for text/vnd.wap.wml is org.apache.jmeter.protocol.http.parser.RegexpHTMLParser
2023-01-18 14:10:33,111 INFO o.a.j.p.h.s.HTTPSamplerBase: Parser for text/css is org.apache.jmeter.protocol.http.parser.CssParser
2023-01-18 14:14:47,365 INFO o.a.j.s.SampleResult: Note: Sample TimeStamps are START times
2023-01-18 14:14:47,366 INFO o.a.j.s.SampleResult: sampleresult.default.encoding is set to ISO-8859-1
2023-01-18 14:14:47,366 INFO o.a.j.s.SampleResult: sampleresult.useNanoTime=true
2023-01-18 14:14:47,366 INFO o.a.j.s.SampleResult: sampleresult.nanoThreadSleep=5000
2023-01-18 14:14:47,484 INFO o.a.j.v.ViewResultsFullVisualizer: Add JavaFX to your Java installation if you want to use renderer: org.apache.jmeter.visualizers.RenderInBrowser
2023-01-18 14:15:24,554 INFO o.a.j.s.FileServer: Default base='D:\microservices\apache-jmeter-5.5\bin'
2023-01-18 14:15:24,555 INFO o.a.j.s.FileServer: Set new base='D:\microservices\apache-jmeter-5.5\bin'
2023-01-18 14:15:24,717 INFO o.a.j.s.SaveService: Testplan (JMX) version: 2.2. Testlog (JTL) version: 2.2
2023-01-18 14:15:24,733 INFO o.a.j.s.SaveService: Using SaveService properties version 5.0
2023-01-18 14:15:24,734 INFO o.a.j.s.SaveService: Using SaveService properties file encoding UTF-8
2023-01-18 14:15:24,770 INFO o.a.j.e.StandardJMeterEngine: Running the test!
2023-01-18 14:15:24,771 INFO o.a.j.s.SampleEvent: List of sample_variables: []
2023-01-18 14:15:24,771 INFO o.a.j.s.SampleEvent: List of sample_variables: []
2023-01-18 14:15:24,773 INFO o.a.j.e.u.CompoundVariable: Note: Function class names must contain the string: '.functions.'
2023-01-18 14:15:24,773 INFO o.a.j.e.u.CompoundVariable: Note: Function class names must not contain the string: '.gui.'
2023-01-18 14:15:25,052 INFO o.a.j.g.u.JMeterMenuBar: setRunning(true, *local*)
2023-01-18 14:15:25,093 INFO o.a.j.e.StandardJMeterEngine: Starting ThreadGroup: 1 : Thread Group
2023-01-18 14:15:25,093 INFO o.a.j.e.StandardJMeterEngine: Starting 15 threads for group Thread Group.
2023-01-18 14:15:25,093 INFO o.a.j.e.StandardJMeterEngine: Thread will continue on error
2023-01-18 14:15:25,093 INFO o.a.j.t.ThreadGroup: Starting thread group... number=1 threads=15 ramp-up=1 delayedStart=false
2023-01-18 14:15:25,098 INFO o.a.j.t.JMeterThread: Thread started: Thread Group 1-1
2023-01-18 14:15:25,103 INFO o.a.j.t.ThreadGroup: Started thread group number 1
2023-01-18 14:15:25,104 INFO o.a.j.e.StandardJMeterEngine: All thread groups have been started
2023-01-18 14:15:25,117 INFO o.a.j.p.h.s.HTTPHCAbstractImpl: Local host = ICUK272709NB
2023-01-18 14:15:25,122 INFO o.a.j.p.h.s.HTTPHC4Impl: HTTP request retry count = 0
2023-01-18 14:15:25,164 INFO o.a.j.t.JMeterThread: Thread started: Thread Group 1-2
2023-01-18 14:15:25,228 INFO o.a.j.t.JMeterThread: Thread started: Thread Group 1-3
2023-01-18 14:15:25,296 INFO o.a.j.t.JMeterThread: Thread started: Thread Group 1-4
2023-01-18 14:15:25,364 INFO o.a.j.t.JMeterThread: Thread started: Thread Group 1-5
2023-01-18 14:15:25,378 INFO o.a.j.t.JMeterThread: Thread is done: Thread Group 1-3
2023-01-18 14:15:25,378 INFO o.a.j.t.JMeterThread: Thread is done: Thread Group 1-5
2023-01-18 14:15:25,378 INFO o.a.j.t.JMeterThread: Thread is done: Thread Group 1-1
2023-01-18 14:15:25,378 INFO o.a.j.t.JMeterThread: Thread finished: Thread Group 1-3
2023-01-18 14:15:25,378 INFO o.a.j.t.JMeterThread: Thread finished: Thread Group 1-5
2023-01-18 14:15:25,378 INFO o.a.j.t.JMeterThread: Thread finished: Thread Group 1-1
2023-01-18 14:15:25,429 INFO o.a.j.t.JMeterThread: Thread started: Thread Group 1-6
2023-01-18 14:15:25,436 INFO o.a.j.t.JMeterThread: Thread is done: Thread Group 1-6
2023-01-18 14:15:25,437 INFO o.a.j.t.JMeterThread: Thread finished: Thread Group 1-6
2023-01-18 14:15:25,497 INFO o.a.j.t.JMeterThread: Thread started: Thread Group 1-7
2023-01-18 14:15:25,505 INFO o.a.j.t.JMeterThread: Thread is done: Thread Group 1-7
2023-01-18 14:15:25,505 INFO o.a.j.t.JMeterThread: Thread finished: Thread Group 1-7
2023-01-18 14:15:25,564 INFO o.a.j.t.JMeterThread: Thread started: Thread Group 1-8
2023-01-18 14:15:25,572 INFO o.a.j.t.JMeterThread: Thread is done: Thread Group 1-8
2023-01-18 14:15:25,572 INFO o.a.j.t.JMeterThread: Thread finished: Thread Group 1-8
2023-01-18 14:15:25,599 INFO o.a.j.t.JMeterThread: Thread is done: Thread Group 1-2
2023-01-18 14:15:25,599 INFO o.a.j.t.JMeterThread: Thread is done: Thread Group 1-4
2023-01-18 14:15:25,599 INFO o.a.j.t.JMeterThread: Thread finished: Thread Group 1-2
2023-01-18 14:15:25,599 INFO o.a.j.t.JMeterThread: Thread finished: Thread Group 1-4
2023-01-18 14:15:25,631 INFO o.a.j.t.JMeterThread: Thread started: Thread Group 1-9
2023-01-18 14:15:25,639 INFO o.a.j.t.JMeterThread: Thread is done: Thread Group 1-9
2023-01-18 14:15:25,639 INFO o.a.j.t.JMeterThread: Thread finished: Thread Group 1-9
2023-01-18 14:15:25,698 INFO o.a.j.t.JMeterThread: Thread started: Thread Group 1-10
2023-01-18 14:15:25,705 INFO o.a.j.t.JMeterThread: Thread is done: Thread Group 1-10
2023-01-18 14:15:25,705 INFO o.a.j.t.JMeterThread: Thread finished: Thread Group 1-10
2023-01-18 14:15:25,765 INFO o.a.j.t.JMeterThread: Thread started: Thread Group 1-11
2023-01-18 14:15:25,771 INFO o.a.j.t.JMeterThread: Thread is done: Thread Group 1-11
2023-01-18 14:15:25,771 INFO o.a.j.t.JMeterThread: Thread finished: Thread Group 1-11
2023-01-18 14:15:25,831 INFO o.a.j.t.JMeterThread: Thread started: Thread Group 1-12
2023-01-18 14:15:25,838 INFO o.a.j.t.JMeterThread: Thread is done: Thread Group 1-12
2023-01-18 14:15:25,838 INFO o.a.j.t.JMeterThread: Thread finished: Thread Group 1-12
2023-01-18 14:15:25,899 INFO o.a.j.t.JMeterThread: Thread started: Thread Group 1-13
2023-01-18 14:15:25,905 INFO o.a.j.t.JMeterThread: Thread is done: Thread Group 1-13
2023-01-18 14:15:25,906 INFO o.a.j.t.JMeterThread: Thread finished: Thread Group 1-13
2023-01-18 14:15:25,965 INFO o.a.j.t.JMeterThread: Thread started: Thread Group 1-14
2023-01-18 14:15:25,972 INFO o.a.j.t.JMeterThread: Thread is done: Thread Group 1-14
2023-01-18 14:15:25,972 INFO o.a.j.t.JMeterThread: Thread finished: Thread Group 1-14
2023-01-18 14:15:26,033 INFO o.a.j.t.JMeterThread: Thread started: Thread Group 1-15
2023-01-18 14:15:26,039 INFO o.a.j.t.JMeterThread: Thread is done: Thread Group 1-15
2023-01-18 14:15:26,039 INFO o.a.j.t.JMeterThread: Thread finished: Thread Group 1-15
2023-01-18 14:15:26,040 INFO o.a.j.e.StandardJMeterEngine: Notifying test listeners of end of test
2023-01-18 14:15:26,040 INFO o.a.j.g.u.JMeterMenuBar: setRunning(false, *local*)
2023-01-18 14:15:55,544 INFO o.a.j.e.StandardJMeterEngine: Running the test!
2023-01-18 14:15:55,544 INFO o.a.j.s.SampleEvent: List of sample_variables: []
2023-01-18 14:15:55,545 INFO o.a.j.g.u.JMeterMenuBar: setRunning(true, *local*)
2023-01-18 14:15:55,582 INFO o.a.j.e.StandardJMeterEngine: Starting ThreadGroup: 1 : Thread Group
2023-01-18 14:15:55,582 INFO o.a.j.e.StandardJMeterEngine: Starting 15 threads for group Thread Group.
2023-01-18 14:15:55,582 INFO o.a.j.e.StandardJMeterEngine: Thread will continue on error
2023-01-18 14:15:55,582 INFO o.a.j.t.ThreadGroup: Starting thread group... number=1 threads=15 ramp-up=1 delayedStart=false
2023-01-18 14:15:55,583 INFO o.a.j.t.JMeterThread: Thread started: Thread Group 1-1
2023-01-18 14:15:55,586 INFO o.a.j.t.ThreadGroup: Started thread group number 1
2023-01-18 14:15:55,586 INFO o.a.j.e.StandardJMeterEngine: All thread groups have been started
2023-01-18 14:15:55,650 INFO o.a.j.t.JMeterThread: Thread started: Thread Group 1-2
2023-01-18 14:15:55,717 INFO o.a.j.t.JMeterThread: Thread started: Thread Group 1-3
2023-01-18 14:15:55,734 INFO o.a.j.t.JMeterThread: Thread is done: Thread Group 1-3
2023-01-18 14:15:55,734 INFO o.a.j.t.JMeterThread: Thread finished: Thread Group 1-3
2023-01-18 14:15:55,784 INFO o.a.j.t.JMeterThread: Thread started: Thread Group 1-4
2023-01-18 14:15:55,792 INFO o.a.j.t.JMeterThread: Thread is done: Thread Group 1-4
2023-01-18 14:15:55,792 INFO o.a.j.t.JMeterThread: Thread finished: Thread Group 1-4
2023-01-18 14:15:55,835 INFO o.a.j.t.JMeterThread: Thread is done: Thread Group 1-1
2023-01-18 14:15:55,835 INFO o.a.j.t.JMeterThread: Thread is done: Thread Group 1-2
2023-01-18 14:15:55,835 INFO o.a.j.t.JMeterThread: Thread finished: Thread Group 1-1
2023-01-18 14:15:55,835 INFO o.a.j.t.JMeterThread: Thread finished: Thread Group 1-2
2023-01-18 14:15:55,852 INFO o.a.j.t.JMeterThread: Thread started: Thread Group 1-5
2023-01-18 14:15:55,860 INFO o.a.j.t.JMeterThread: Thread is done: Thread Group 1-5
2023-01-18 14:15:55,860 INFO o.a.j.t.JMeterThread: Thread finished: Thread Group 1-5
2023-01-18 14:15:55,919 INFO o.a.j.t.JMeterThread: Thread started: Thread Group 1-6
2023-01-18 14:15:55,926 INFO o.a.j.t.JMeterThread: Thread is done: Thread Group 1-6
2023-01-18 14:15:55,926 INFO o.a.j.t.JMeterThread: Thread finished: Thread Group 1-6
2023-01-18 14:15:55,984 INFO o.a.j.t.JMeterThread: Thread started: Thread Group 1-7
2023-01-18 14:15:55,990 INFO o.a.j.t.JMeterThread: Thread is done: Thread Group 1-7
2023-01-18 14:15:55,990 INFO o.a.j.t.JMeterThread: Thread finished: Thread Group 1-7
2023-01-18 14:15:56,052 INFO o.a.j.t.JMeterThread: Thread started: Thread Group 1-8
2023-01-18 14:15:56,058 INFO o.a.j.t.JMeterThread: Thread is done: Thread Group 1-8
2023-01-18 14:15:56,058 INFO o.a.j.t.JMeterThread: Thread finished: Thread Group 1-8
2023-01-18 14:15:56,120 INFO o.a.j.t.JMeterThread: Thread started: Thread Group 1-9
2023-01-18 14:15:56,126 INFO o.a.j.t.JMeterThread: Thread is done: Thread Group 1-9
2023-01-18 14:15:56,126 INFO o.a.j.t.JMeterThread: Thread finished: Thread Group 1-9
2023-01-18 14:15:56,187 INFO o.a.j.t.JMeterThread: Thread started: Thread Group 1-10
2023-01-18 14:15:56,193 INFO o.a.j.t.JMeterThread: Thread is done: Thread Group 1-10
2023-01-18 14:15:56,193 INFO o.a.j.t.JMeterThread: Thread finished: Thread Group 1-10
2023-01-18 14:15:56,253 INFO o.a.j.t.JMeterThread: Thread started: Thread Group 1-11
2023-01-18 14:15:56,259 INFO o.a.j.t.JMeterThread: Thread is done: Thread Group 1-11
2023-01-18 14:15:56,259 INFO o.a.j.t.JMeterThread: Thread finished: Thread Group 1-11
2023-01-18 14:15:56,320 INFO o.a.j.t.JMeterThread: Thread started: Thread Group 1-12
2023-01-18 14:15:56,325 INFO o.a.j.t.JMeterThread: Thread is done: Thread Group 1-12
2023-01-18 14:15:56,325 INFO o.a.j.t.JMeterThread: Thread finished: Thread Group 1-12
2023-01-18 14:15:56,386 INFO o.a.j.t.JMeterThread: Thread started: Thread Group 1-13
2023-01-18 14:15:56,393 INFO o.a.j.t.JMeterThread: Thread is done: Thread Group 1-13
2023-01-18 14:15:56,393 INFO o.a.j.t.JMeterThread: Thread finished: Thread Group 1-13
2023-01-18 14:15:56,455 INFO o.a.j.t.JMeterThread: Thread started: Thread Group 1-14
2023-01-18 14:15:56,463 INFO o.a.j.t.JMeterThread: Thread is done: Thread Group 1-14
2023-01-18 14:15:56,463 INFO o.a.j.t.JMeterThread: Thread finished: Thread Group 1-14
2023-01-18 14:15:56,522 INFO o.a.j.t.JMeterThread: Thread started: Thread Group 1-15
2023-01-18 14:15:56,531 INFO o.a.j.t.JMeterThread: Thread is done: Thread Group 1-15
2023-01-18 14:15:56,531 INFO o.a.j.t.JMeterThread: Thread finished: Thread Group 1-15
2023-01-18 14:15:56,532 INFO o.a.j.e.StandardJMeterEngine: Notifying test listeners of end of test
2023-01-18 14:15:56,532 INFO o.a.j.g.u.JMeterMenuBar: setRunning(false, *local*)
2023-01-18 14:17:18,396 INFO o.a.j.e.StandardJMeterEngine: Running the test!
2023-01-18 14:17:18,397 INFO o.a.j.s.SampleEvent: List of sample_variables: []
2023-01-18 14:17:18,397 INFO o.a.j.g.u.JMeterMenuBar: setRunning(true, *local*)
2023-01-18 14:17:18,437 INFO o.a.j.e.StandardJMeterEngine: Starting ThreadGroup: 1 : Thread Group
2023-01-18 14:17:18,438 INFO o.a.j.e.StandardJMeterEngine: Starting 15 threads for group Thread Group.
2023-01-18 14:17:18,438 INFO o.a.j.e.StandardJMeterEngine: Thread will continue on error
2023-01-18 14:17:18,438 INFO o.a.j.t.ThreadGroup: Starting thread group... number=1 threads=15 ramp-up=1 delayedStart=false
2023-01-18 14:17:18,438 INFO o.a.j.t.JMeterThread: Thread started: Thread Group 1-1
2023-01-18 14:17:18,440 INFO o.a.j.t.ThreadGroup: Started thread group number 1
2023-01-18 14:17:18,441 INFO o.a.j.e.StandardJMeterEngine: All thread groups have been started
2023-01-18 14:17:18,468 INFO o.a.j.t.JMeterThread: Thread is done: Thread Group 1-1
2023-01-18 14:17:18,468 INFO o.a.j.t.JMeterThread: Thread finished: Thread Group 1-1
2023-01-18 14:17:18,506 INFO o.a.j.t.JMeterThread: Thread started: Thread Group 1-2
2023-01-18 14:17:18,526 INFO o.a.j.t.JMeterThread: Thread is done: Thread Group 1-2
2023-01-18 14:17:18,526 INFO o.a.j.t.JMeterThread: Thread finished: Thread Group 1-2
2023-01-18 14:17:18,573 INFO o.a.j.t.JMeterThread: Thread started: Thread Group 1-3
2023-01-18 14:17:18,577 INFO o.a.j.t.JMeterThread: Thread is done: Thread Group 1-3
2023-01-18 14:17:18,577 INFO o.a.j.t.JMeterThread: Thread finished: Thread Group 1-3
2023-01-18 14:17:18,640 INFO o.a.j.t.JMeterThread: Thread started: Thread Group 1-4
2023-01-18 14:17:18,648 INFO o.a.j.t.JMeterThread: Thread is done: Thread Group 1-4
2023-01-18 14:17:18,649 INFO o.a.j.t.JMeterThread: Thread finished: Thread Group 1-4
2023-01-18 14:17:18,706 INFO o.a.j.t.JMeterThread: Thread started: Thread Group 1-5
2023-01-18 14:17:18,715 INFO o.a.j.t.JMeterThread: Thread is done: Thread Group 1-5
2023-01-18 14:17:18,715 INFO o.a.j.t.JMeterThread: Thread finished: Thread Group 1-5
2023-01-18 14:17:18,773 INFO o.a.j.t.JMeterThread: Thread started: Thread Group 1-6
2023-01-18 14:17:18,782 INFO o.a.j.t.JMeterThread: Thread is done: Thread Group 1-6
2023-01-18 14:17:18,782 INFO o.a.j.t.JMeterThread: Thread finished: Thread Group 1-6
2023-01-18 14:17:18,840 INFO o.a.j.t.JMeterThread: Thread started: Thread Group 1-7
2023-01-18 14:17:18,849 INFO o.a.j.t.JMeterThread: Thread is done: Thread Group 1-7
2023-01-18 14:17:18,849 INFO o.a.j.t.JMeterThread: Thread finished: Thread Group 1-7
2023-01-18 14:17:18,907 INFO o.a.j.t.JMeterThread: Thread started: Thread Group 1-8
2023-01-18 14:17:18,915 INFO o.a.j.t.JMeterThread: Thread is done: Thread Group 1-8
2023-01-18 14:17:18,915 INFO o.a.j.t.JMeterThread: Thread finished: Thread Group 1-8
2023-01-18 14:17:18,974 INFO o.a.j.t.JMeterThread: Thread started: Thread Group 1-9
2023-01-18 14:17:18,981 INFO o.a.j.t.JMeterThread: Thread is done: Thread Group 1-9
2023-01-18 14:17:18,981 INFO o.a.j.t.JMeterThread: Thread finished: Thread Group 1-9
2023-01-18 14:17:19,043 INFO o.a.j.t.JMeterThread: Thread started: Thread Group 1-10
2023-01-18 14:17:19,047 INFO o.a.j.t.JMeterThread: Thread is done: Thread Group 1-10
2023-01-18 14:17:19,047 INFO o.a.j.t.JMeterThread: Thread finished: Thread Group 1-10
2023-01-18 14:17:19,110 INFO o.a.j.t.JMeterThread: Thread started: Thread Group 1-11
2023-01-18 14:17:19,118 INFO o.a.j.t.JMeterThread: Thread is done: Thread Group 1-11
2023-01-18 14:17:19,118 INFO o.a.j.t.JMeterThread: Thread finished: Thread Group 1-11
2023-01-18 14:17:19,175 INFO o.a.j.t.JMeterThread: Thread started: Thread Group 1-12
2023-01-18 14:17:19,183 INFO o.a.j.t.JMeterThread: Thread is done: Thread Group 1-12
2023-01-18 14:17:19,183 INFO o.a.j.t.JMeterThread: Thread finished: Thread Group 1-12
2023-01-18 14:17:19,243 INFO o.a.j.t.JMeterThread: Thread started: Thread Group 1-13
2023-01-18 14:17:19,251 INFO o.a.j.t.JMeterThread: Thread is done: Thread Group 1-13
2023-01-18 14:17:19,252 INFO o.a.j.t.JMeterThread: Thread finished: Thread Group 1-13
2023-01-18 14:17:19,310 INFO o.a.j.t.JMeterThread: Thread started: Thread Group 1-14
2023-01-18 14:17:19,317 INFO o.a.j.t.JMeterThread: Thread is done: Thread Group 1-14
2023-01-18 14:17:19,317 INFO o.a.j.t.JMeterThread: Thread finished: Thread Group 1-14
2023-01-18 14:17:19,377 INFO o.a.j.t.JMeterThread: Thread started: Thread Group 1-15
2023-01-18 14:17:19,385 INFO o.a.j.t.JMeterThread: Thread is done: Thread Group 1-15
2023-01-18 14:17:19,385 INFO o.a.j.t.JMeterThread: Thread finished: Thread Group 1-15
2023-01-18 14:17:19,386 INFO o.a.j.e.StandardJMeterEngine: Notifying test listeners of end of test
2023-01-18 14:17:19,386 INFO o.a.j.g.u.JMeterMenuBar: setRunning(false, *local*)
